<?xml version="1.0" encoding="UTF-8"?>
<!-- Generated by org.testng.reporters.JUnitReportReporter -->
<testsuite hostname="Simform-67" failures="0" tests="1" name="estimatorTest.CustomerTest" time="2.734" errors="0" timestamp="2020-06-17T14:40:23 IST" skipped="0">
  <testcase classname="estimatorTest.CustomerTest" name="updateRoletoEstimatorTest" time="2.734"/>
</testsuite> <!-- estimatorTest.CustomerTest -->
