<?xml version="1.0" encoding="UTF-8"?>
<!-- Generated by org.testng.reporters.JUnitReportReporter -->
<testsuite hostname="Simform-67" failures="0" tests="1" name="estimatorTest.QuoteTest" time="0.854" errors="0" timestamp="2020-06-17T14:40:23 IST" skipped="0">
  <testcase classname="estimatorTest.QuoteTest" name="updateRoletoEstimatorTest" time="0.854"/>
</testsuite> <!-- estimatorTest.QuoteTest -->
