<?xml version="1.0" encoding="UTF-8"?>
<!-- Generated by org.testng.reporters.JUnitReportReporter -->
<testsuite hostname="Simform-67" failures="0" tests="1" name="engineerManagerTest.EngineermanagerTest" time="1.147" errors="0" timestamp="2020-06-17T14:40:23 IST" skipped="0">
  <testcase classname="engineerManagerTest.EngineermanagerTest" name="updateRoletoEngineerManagerTest" time="1.147"/>
</testsuite> <!-- engineerManagerTest.EngineermanagerTest -->
